<?xml version="1.0" encoding="utf-8"?><testsuites><testsuite errors="0" failures="0" hostname="BHZCTR-NTB8082A" name="pytest" skipped="0" tests="5" time="7.758" timestamp="2020-04-27T22:41:58.859221"><testcase classname="test_submit" file="test_submit.py" line="3" name="test_q1" time="0.005"></testcase><testcase classname="test_submit" file="test_submit.py" line="9" name="test_q2" time="0.005"></testcase><testcase classname="test_submit" file="test_submit.py" line="15" name="test_q3" time="0.005"></testcase><testcase classname="test_submit" file="test_submit.py" line="21" name="test_q4" time="0.006"></testcase><testcase classname="test_submit" file="test_submit.py" line="27" name="test_q5" time="0.012"></testcase></testsuite></testsuites>